--------------------------------------------------------------------------
No OpenFabrics connection schemes reported that they were able to be
used on a specific port.  As such, the openib BTL (OpenFabrics
support) will be disabled for this port.

  Local host:           tscc-14-2
  Local device:         mlx5_0
  Local port:           1
  CPCs attempted:       rdmacm, udcm
--------------------------------------------------------------------------
WARNING: The convert command is deprecated in IMv7, use "magick" instead of "convert" or "magick convert"

WARNING: The convert command is deprecated in IMv7, use "magick" instead of "convert" or "magick convert"

WARNING: The convert command is deprecated in IMv7, use "magick" instead of "convert" or "magick convert"

t = 0, U_LS = 0, U_GS = 0, liquid area = 0
t = 0.000284091, U_LS = 0, U_GS = 0, liquid area = 0
[tscc-14-2:4174874] 55 more processes have sent help message help-mpi-btl-openib-cpc-base.txt / no cpcs for port
[tscc-14-2:4174874] Set MCA parameter "orte_base_help_aggregate" to 0 to see all help / error messages
t = 0.000962021, U_LS = 0, U_GS = 0, liquid area = 0
t = 0.00193342, U_LS = 0, U_GS = 0, liquid area = 0
t = 0.00317159, U_LS = 0, U_GS = 0, liquid area = 0
t = 0.00465237, U_LS = 0, U_GS = 0, liquid area = 0
t = 0.00635414, U_LS = 0, U_GS = 0, liquid area = 0
t = 0.0082581, U_LS = 0, U_GS = 0, liquid area = 0
t = 0.0103488, U_LS = 0, U_GS = 0, liquid area = 0
t = 0.0126145, U_LS = 0, U_GS = 0, liquid area = 0
t = 0.0150478, U_LS = 0, U_GS = 0, liquid area = 0
