--------------------------------------------------------------------------
WARNING: There is at least one non-excluded one OpenFabrics device found,
but there are no active ports detected (or Open MPI was unable to use
them).  This is most certainly not what you wanted.  Check your
cables, subnet manager configuration, etc.  The openib BTL will be
ignored for this job.

  Local host: tscc-gpu-m10-05
--------------------------------------------------------------------------
[tscc-gpu-m10-05:2202041] 11 more processes have sent help message help-mpi-btl-openib.txt / no active ports found
[tscc-gpu-m10-05:2202041] Set MCA parameter "orte_base_help_aggregate" to 0 to see all help / error messages
src/output.h:484: warning: cannot find 'convert'
src/output.h:484: warning: falling back to raw PPM outputs
src/output.h:450: warning: cannot find 'ppm2mp4' or 'ffmpeg'/'avconv'
src/output.h:450: warning: falling back to raw PPM outputs
t = 0, U_LS = 0, U_GS = 0, liquid area = 0
t = 0.000229173, U_LS = 0, U_GS = 0, liquid area = 0
t = 0.00071936, U_LS = 0, U_GS = 0, liquid area = 0
t = 0.00142526, U_LS = 0, U_GS = 0, liquid area = 0
t = 0.00230944, U_LS = 0, U_GS = 0, liquid area = 0
slurmstepd: error: *** JOB 6554585 ON tscc-gpu-m10-05 CANCELLED AT 2025-07-31T14:59:20 ***
